Determining if the pthread_create exist failed with the following output:
Change Dir: /home/anupam/robond/task5/workspace/catkin_ws/build/CMakeFiles/CMakeTmp

Run Build Command:"/usr/bin/make" "cmTC_b50db/fast"
/usr/bin/make -f CMakeFiles/cmTC_b50db.dir/build.make CMakeFiles/cmTC_b50db.dir/build
make[1]: Entering directory '/home/anupam/robond/task5/workspace/catkin_ws/build/CMakeFiles/CMakeTmp'
Building C object CMakeFiles/cmTC_b50db.dir/CheckSymbolExists.c.o
/usr/bin/cc     -o CMakeFiles/cmTC_b50db.dir/CheckSymbolExists.c.o   -c /home/anupam/robond/task5/workspace/catkin_ws/build/CMakeFiles/CMakeTmp/CheckSymbolExists.c
Linking C executable cmTC_b50db
/usr/bin/cmake -E cmake_link_script CMakeFiles/cmTC_b50db.dir/link.txt --verbose=1
/usr/bin/cc       CMakeFiles/cmTC_b50db.dir/CheckSymbolExists.c.o  -o cmTC_b50db -rdynamic 
CMakeFiles/cmTC_b50db.dir/CheckSymbolExists.c.o: In function `main':
CheckSymbolExists.c:(.text+0x16): undefined reference to `pthread_create'
collect2: error: ld returned 1 exit status
CMakeFiles/cmTC_b50db.dir/build.make:97: recipe for target 'cmTC_b50db' failed
make[1]: *** [cmTC_b50db] Error 1
make[1]: Leaving directory '/home/anupam/robond/task5/workspace/catkin_ws/build/CMakeFiles/CMakeTmp'
Makefile:126: recipe for target 'cmTC_b50db/fast' failed
make: *** [cmTC_b50db/fast] Error 2

File /home/anupam/robond/task5/workspace/catkin_ws/build/CMakeFiles/CMakeTmp/CheckSymbolExists.c:
/* */
#include <pthread.h>

int main(int argc, char** argv)
{
  (void)argv;
#ifndef pthread_create
  return ((int*)(&pthread_create))[argc];
#else
  (void)argc;
  return 0;
#endif
}

Determining if the function pthread_create exists in the pthreads failed with the following output:
Change Dir: /home/anupam/robond/task5/workspace/catkin_ws/build/CMakeFiles/CMakeTmp

Run Build Command:"/usr/bin/make" "cmTC_80b04/fast"
/usr/bin/make -f CMakeFiles/cmTC_80b04.dir/build.make CMakeFiles/cmTC_80b04.dir/build
make[1]: Entering directory '/home/anupam/robond/task5/workspace/catkin_ws/build/CMakeFiles/CMakeTmp'
Building C object CMakeFiles/cmTC_80b04.dir/CheckFunctionExists.c.o
/usr/bin/cc    -DCHECK_FUNCTION_EXISTS=pthread_create   -o CMakeFiles/cmTC_80b04.dir/CheckFunctionExists.c.o   -c /usr/share/cmake-3.5/Modules/CheckFunctionExists.c
Linking C executable cmTC_80b04
/usr/bin/cmake -E cmake_link_script CMakeFiles/cmTC_80b04.dir/link.txt --verbose=1
/usr/bin/cc   -DCHECK_FUNCTION_EXISTS=pthread_create    CMakeFiles/cmTC_80b04.dir/CheckFunctionExists.c.o  -o cmTC_80b04 -rdynamic -lpthreads 
/usr/bin/ld: cannot find -lpthreads
collect2: error: ld returned 1 exit status
CMakeFiles/cmTC_80b04.dir/build.make:97: recipe for target 'cmTC_80b04' failed
make[1]: *** [cmTC_80b04] Error 1
make[1]: Leaving directory '/home/anupam/robond/task5/workspace/catkin_ws/build/CMakeFiles/CMakeTmp'
Makefile:126: recipe for target 'cmTC_80b04/fast' failed
make: *** [cmTC_80b04/fast] Error 2


