Determining if the pthread_create exist failed with the following output:
Change Dir: /home/anupam/ROBOGIT/robond/task2/workspace/catkin_ws/build/CMakeFiles/CMakeTmp

Run Build Command:"/usr/bin/make" "cmTC_83369/fast"
/usr/bin/make -f CMakeFiles/cmTC_83369.dir/build.make CMakeFiles/cmTC_83369.dir/build
make[1]: Entering directory '/home/anupam/ROBOGIT/robond/task2/workspace/catkin_ws/build/CMakeFiles/CMakeTmp'
Building C object CMakeFiles/cmTC_83369.dir/CheckSymbolExists.c.o
/usr/bin/cc     -o CMakeFiles/cmTC_83369.dir/CheckSymbolExists.c.o   -c /home/anupam/ROBOGIT/robond/task2/workspace/catkin_ws/build/CMakeFiles/CMakeTmp/CheckSymbolExists.c
Linking C executable cmTC_83369
/usr/bin/cmake -E cmake_link_script CMakeFiles/cmTC_83369.dir/link.txt --verbose=1
/usr/bin/cc       CMakeFiles/cmTC_83369.dir/CheckSymbolExists.c.o  -o cmTC_83369 -rdynamic 
CMakeFiles/cmTC_83369.dir/CheckSymbolExists.c.o: In function `main':
CheckSymbolExists.c:(.text+0x16): undefined reference to `pthread_create'
collect2: error: ld returned 1 exit status
CMakeFiles/cmTC_83369.dir/build.make:97: recipe for target 'cmTC_83369' failed
make[1]: *** [cmTC_83369] Error 1
make[1]: Leaving directory '/home/anupam/ROBOGIT/robond/task2/workspace/catkin_ws/build/CMakeFiles/CMakeTmp'
Makefile:126: recipe for target 'cmTC_83369/fast' failed
make: *** [cmTC_83369/fast] Error 2

File /home/anupam/ROBOGIT/robond/task2/workspace/catkin_ws/build/CMakeFiles/CMakeTmp/CheckSymbolExists.c:
/* */
#include <pthread.h>

int main(int argc, char** argv)
{
  (void)argv;
#ifndef pthread_create
  return ((int*)(&pthread_create))[argc];
#else
  (void)argc;
  return 0;
#endif
}

Determining if the function pthread_create exists in the pthreads failed with the following output:
Change Dir: /home/anupam/ROBOGIT/robond/task2/workspace/catkin_ws/build/CMakeFiles/CMakeTmp

Run Build Command:"/usr/bin/make" "cmTC_05344/fast"
/usr/bin/make -f CMakeFiles/cmTC_05344.dir/build.make CMakeFiles/cmTC_05344.dir/build
make[1]: Entering directory '/home/anupam/ROBOGIT/robond/task2/workspace/catkin_ws/build/CMakeFiles/CMakeTmp'
Building C object CMakeFiles/cmTC_05344.dir/CheckFunctionExists.c.o
/usr/bin/cc    -DCHECK_FUNCTION_EXISTS=pthread_create   -o CMakeFiles/cmTC_05344.dir/CheckFunctionExists.c.o   -c /usr/share/cmake-3.5/Modules/CheckFunctionExists.c
Linking C executable cmTC_05344
/usr/bin/cmake -E cmake_link_script CMakeFiles/cmTC_05344.dir/link.txt --verbose=1
/usr/bin/cc   -DCHECK_FUNCTION_EXISTS=pthread_create    CMakeFiles/cmTC_05344.dir/CheckFunctionExists.c.o  -o cmTC_05344 -rdynamic -lpthreads 
/usr/bin/ld: cannot find -lpthreads
collect2: error: ld returned 1 exit status
CMakeFiles/cmTC_05344.dir/build.make:97: recipe for target 'cmTC_05344' failed
make[1]: *** [cmTC_05344] Error 1
make[1]: Leaving directory '/home/anupam/ROBOGIT/robond/task2/workspace/catkin_ws/build/CMakeFiles/CMakeTmp'
Makefile:126: recipe for target 'cmTC_05344/fast' failed
make: *** [cmTC_05344/fast] Error 2


