Determining if the pthread_create exist failed with the following output:
Change Dir: /home/anupam/github/robond/workspace/catkin_ws/build/CMakeFiles/CMakeTmp

Run Build Command:"/usr/bin/make" "cmTC_a036d/fast"
/usr/bin/make -f CMakeFiles/cmTC_a036d.dir/build.make CMakeFiles/cmTC_a036d.dir/build
make[1]: Entering directory '/home/anupam/github/robond/workspace/catkin_ws/build/CMakeFiles/CMakeTmp'
Building C object CMakeFiles/cmTC_a036d.dir/CheckSymbolExists.c.o
/usr/bin/cc     -o CMakeFiles/cmTC_a036d.dir/CheckSymbolExists.c.o   -c /home/anupam/github/robond/workspace/catkin_ws/build/CMakeFiles/CMakeTmp/CheckSymbolExists.c
Linking C executable cmTC_a036d
/usr/bin/cmake -E cmake_link_script CMakeFiles/cmTC_a036d.dir/link.txt --verbose=1
/usr/bin/cc       CMakeFiles/cmTC_a036d.dir/CheckSymbolExists.c.o  -o cmTC_a036d -rdynamic 
CMakeFiles/cmTC_a036d.dir/CheckSymbolExists.c.o: In function `main':
CheckSymbolExists.c:(.text+0x16): undefined reference to `pthread_create'
collect2: error: ld returned 1 exit status
CMakeFiles/cmTC_a036d.dir/build.make:97: recipe for target 'cmTC_a036d' failed
make[1]: *** [cmTC_a036d] Error 1
make[1]: Leaving directory '/home/anupam/github/robond/workspace/catkin_ws/build/CMakeFiles/CMakeTmp'
Makefile:126: recipe for target 'cmTC_a036d/fast' failed
make: *** [cmTC_a036d/fast] Error 2

File /home/anupam/github/robond/workspace/catkin_ws/build/CMakeFiles/CMakeTmp/CheckSymbolExists.c:
/* */
#include <pthread.h>

int main(int argc, char** argv)
{
  (void)argv;
#ifndef pthread_create
  return ((int*)(&pthread_create))[argc];
#else
  (void)argc;
  return 0;
#endif
}

Determining if the function pthread_create exists in the pthreads failed with the following output:
Change Dir: /home/anupam/github/robond/workspace/catkin_ws/build/CMakeFiles/CMakeTmp

Run Build Command:"/usr/bin/make" "cmTC_9426b/fast"
/usr/bin/make -f CMakeFiles/cmTC_9426b.dir/build.make CMakeFiles/cmTC_9426b.dir/build
make[1]: Entering directory '/home/anupam/github/robond/workspace/catkin_ws/build/CMakeFiles/CMakeTmp'
Building C object CMakeFiles/cmTC_9426b.dir/CheckFunctionExists.c.o
/usr/bin/cc    -DCHECK_FUNCTION_EXISTS=pthread_create   -o CMakeFiles/cmTC_9426b.dir/CheckFunctionExists.c.o   -c /usr/share/cmake-3.5/Modules/CheckFunctionExists.c
Linking C executable cmTC_9426b
/usr/bin/cmake -E cmake_link_script CMakeFiles/cmTC_9426b.dir/link.txt --verbose=1
/usr/bin/cc   -DCHECK_FUNCTION_EXISTS=pthread_create    CMakeFiles/cmTC_9426b.dir/CheckFunctionExists.c.o  -o cmTC_9426b -rdynamic -lpthreads 
/usr/bin/ld: cannot find -lpthreads
collect2: error: ld returned 1 exit status
CMakeFiles/cmTC_9426b.dir/build.make:97: recipe for target 'cmTC_9426b' failed
make[1]: *** [cmTC_9426b] Error 1
make[1]: Leaving directory '/home/anupam/github/robond/workspace/catkin_ws/build/CMakeFiles/CMakeTmp'
Makefile:126: recipe for target 'cmTC_9426b/fast' failed
make: *** [cmTC_9426b/fast] Error 2


